{"/home/mazze/Schreibtisch/alexa-skill-fuelking-swt2/alexa-skill-fuelking/spec/fuelking-connections-spec.js":{"path":"/home/mazze/Schreibtisch/alexa-skill-fuelking-swt2/alexa-skill-fuelking/spec/fuelking-connections-spec.js","s":{"1":1,"2":1,"3":1,"4":1,"5":1,"6":1,"7":1,"8":1,"9":1,"10":1},"b":{},"f":{"1":1,"2":1,"3":1},"fnMap":{"1":{"name":"(anonymous_1)","line":3,"loc":{"start":{"line":3,"column":44},"end":{"line":3,"column":55}}},"2":{"name":"(anonymous_2)","line":4,"loc":{"start":{"line":4,"column":82},"end":{"line":4,"column":97}}},"3":{"name":"(anonymous_3)","line":5,"loc":{"start":{"line":5,"column":77},"end":{"line":5,"column":99}}}},"statementMap":{"1":{"start":{"line":1,"column":0},"end":{"line":1,"column":94}},"2":{"start":{"line":3,"column":0},"end":{"line":14,"column":3}},"3":{"start":{"line":4,"column":2},"end":{"line":13,"column":5}},"4":{"start":{"line":5,"column":4},"end":{"line":12,"column":7}},"5":{"start":{"line":6,"column":10},"end":{"line":6,"column":44}},"6":{"start":{"line":7,"column":10},"end":{"line":7,"column":49}},"7":{"start":{"line":8,"column":10},"end":{"line":8,"column":42}},"8":{"start":{"line":9,"column":10},"end":{"line":9,"column":42}},"9":{"start":{"line":10,"column":10},"end":{"line":10,"column":42}},"10":{"start":{"line":11,"column":10},"end":{"line":11,"column":17}}},"branchMap":{}},"/home/mazze/Schreibtisch/alexa-skill-fuelking-swt2/alexa-skill-fuelking/js/fuelking-alexa-skill/fuelking-skill-connections.js":{"path":"/home/mazze/Schreibtisch/alexa-skill-fuelking-swt2/alexa-skill-fuelking/js/fuelking-alexa-skill/fuelking-skill-connections.js","s":{"1":1,"2":1,"3":1,"4":3,"5":3,"6":3},"b":{},"f":{"1":3,"2":3,"3":3},"fnMap":{"1":{"name":"(anonymous_1)","line":5,"loc":{"start":{"line":5,"column":45},"end":{"line":5,"column":97}}},"2":{"name":"(anonymous_2)","line":6,"loc":{"start":{"line":6,"column":50},"end":{"line":6,"column":72}}},"3":{"name":"(anonymous_3)","line":7,"loc":{"start":{"line":7,"column":104},"end":{"line":7,"column":130}}}},"statementMap":{"1":{"start":{"line":1,"column":0},"end":{"line":1,"column":83}},"2":{"start":{"line":2,"column":0},"end":{"line":2,"column":70}},"3":{"start":{"line":5,"column":0},"end":{"line":11,"column":2}},"4":{"start":{"line":6,"column":4},"end":{"line":10,"column":7}},"5":{"start":{"line":7,"column":6},"end":{"line":9,"column":11}},"6":{"start":{"line":8,"column":10},"end":{"line":8,"column":32}}},"branchMap":{}},"/home/mazze/Schreibtisch/alexa-skill-fuelking-swt2/alexa-skill-fuelking/js/api-requests/tankerkoenig-requests.js":{"path":"/home/mazze/Schreibtisch/alexa-skill-fuelking-swt2/alexa-skill-fuelking/js/api-requests/tankerkoenig-requests.js","s":{"1":1,"2":1,"3":4,"4":4,"5":0,"6":0,"7":4,"8":4},"b":{"1":[0,4]},"f":{"1":4,"2":4},"fnMap":{"1":{"name":"(anonymous_1)","line":4,"loc":{"start":{"line":4,"column":36},"end":{"line":4,"column":88}}},"2":{"name":"(anonymous_2)","line":5,"loc":{"start":{"line":5,"column":191},"end":{"line":5,"column":224}}}},"statementMap":{"1":{"start":{"line":1,"column":0},"end":{"line":1,"column":33}},"2":{"start":{"line":4,"column":0},"end":{"line":14,"column":2}},"3":{"start":{"line":5,"column":2},"end":{"line":13,"column":5}},"4":{"start":{"line":6,"column":4},"end":{"line":9,"column":5}},"5":{"start":{"line":7,"column":6},"end":{"line":7,"column":16}},"6":{"start":{"line":8,"column":6},"end":{"line":8,"column":13}},"7":{"start":{"line":11,"column":4},"end":{"line":11,"column":35}},"8":{"start":{"line":12,"column":4},"end":{"line":12,"column":28}}},"branchMap":{"1":{"line":6,"type":"if","locations":[{"start":{"line":6,"column":4},"end":{"line":6,"column":4}},{"start":{"line":6,"column":4},"end":{"line":6,"column":4}}]}}},"/home/mazze/Schreibtisch/alexa-skill-fuelking-swt2/alexa-skill-fuelking/js/api-requests/gmaps-requests.js":{"path":"/home/mazze/Schreibtisch/alexa-skill-fuelking-swt2/alexa-skill-fuelking/js/api-requests/gmaps-requests.js","s":{"1":1,"2":1,"3":4,"4":4,"5":0,"6":0,"7":4,"8":4,"9":4,"10":4},"b":{"1":[0,4]},"f":{"1":4,"2":4},"fnMap":{"1":{"name":"(anonymous_1)","line":3,"loc":{"start":{"line":3,"column":41},"end":{"line":3,"column":63}}},"2":{"name":"(anonymous_2)","line":4,"loc":{"start":{"line":4,"column":121},"end":{"line":4,"column":154}}}},"statementMap":{"1":{"start":{"line":1,"column":0},"end":{"line":1,"column":33}},"2":{"start":{"line":3,"column":0},"end":{"line":15,"column":2}},"3":{"start":{"line":4,"column":2},"end":{"line":14,"column":5}},"4":{"start":{"line":5,"column":4},"end":{"line":8,"column":5}},"5":{"start":{"line":6,"column":6},"end":{"line":6,"column":16}},"6":{"start":{"line":7,"column":6},"end":{"line":7,"column":13}},"7":{"start":{"line":10,"column":4},"end":{"line":10,"column":35}},"8":{"start":{"line":11,"column":4},"end":{"line":11,"column":54}},"9":{"start":{"line":12,"column":4},"end":{"line":12,"column":54}},"10":{"start":{"line":13,"column":4},"end":{"line":13,"column":18}}},"branchMap":{"1":{"line":5,"type":"if","locations":[{"start":{"line":5,"column":4},"end":{"line":5,"column":4}},{"start":{"line":5,"column":4},"end":{"line":5,"column":4}}]}}},"/home/mazze/Schreibtisch/alexa-skill-fuelking-swt2/alexa-skill-fuelking/spec/fuelking-helper-spec.js":{"path":"/home/mazze/Schreibtisch/alexa-skill-fuelking-swt2/alexa-skill-fuelking/spec/fuelking-helper-spec.js","s":{},"b":{},"f":{},"fnMap":{},"statementMap":{},"branchMap":{}},"/home/mazze/Schreibtisch/alexa-skill-fuelking-swt2/alexa-skill-fuelking/spec/fuelking-intents-spec.js":{"path":"/home/mazze/Schreibtisch/alexa-skill-fuelking-swt2/alexa-skill-fuelking/spec/fuelking-intents-spec.js","s":{"1":1,"2":1,"3":1,"4":1,"5":1,"6":1,"7":1,"8":1,"9":1,"10":1,"11":1,"12":1,"13":1,"14":1,"15":1,"16":1,"17":1,"18":1,"19":1,"20":1,"21":1,"22":1,"23":1,"24":1,"25":1,"26":1,"27":1,"28":1,"29":1,"30":1,"31":1,"32":1,"33":1,"34":1,"35":1,"36":1,"37":1,"38":1,"39":1,"40":1,"41":1,"42":1,"43":1,"44":1,"45":1,"46":1,"47":1,"48":1,"49":1,"50":1,"51":1,"52":1,"53":1,"54":1,"55":1,"56":1,"57":1,"58":1,"59":1,"60":1,"61":1,"62":1,"63":1,"64":1,"65":1,"66":1,"67":1,"68":1,"69":1},"b":{},"f":{"1":1,"2":1,"3":1,"4":1,"5":1,"6":1,"7":1,"8":1,"9":1,"10":1,"11":1,"12":1,"13":1,"14":1,"15":1,"16":1,"17":1,"18":1,"19":1,"20":1},"fnMap":{"1":{"name":"(anonymous_1)","line":3,"loc":{"start":{"line":3,"column":53},"end":{"line":3,"column":64}}},"2":{"name":"(anonymous_2)","line":4,"loc":{"start":{"line":4,"column":80},"end":{"line":4,"column":91}}},"3":{"name":"(anonymous_3)","line":5,"loc":{"start":{"line":5,"column":71},"end":{"line":5,"column":86}}},"4":{"name":"(anonymous_4)","line":16,"loc":{"start":{"line":16,"column":75},"end":{"line":16,"column":99}}},"5":{"name":"(anonymous_5)","line":24,"loc":{"start":{"line":24,"column":93},"end":{"line":24,"column":108}}},"6":{"name":"(anonymous_6)","line":36,"loc":{"start":{"line":36,"column":75},"end":{"line":36,"column":99}}},"7":{"name":"(anonymous_7)","line":45,"loc":{"start":{"line":45,"column":101},"end":{"line":45,"column":116}}},"8":{"name":"(anonymous_8)","line":61,"loc":{"start":{"line":61,"column":75},"end":{"line":61,"column":99}}},"9":{"name":"(anonymous_9)","line":71,"loc":{"start":{"line":71,"column":80},"end":{"line":71,"column":91}}},"10":{"name":"(anonymous_10)","line":72,"loc":{"start":{"line":72,"column":114},"end":{"line":72,"column":129}}},"11":{"name":"(anonymous_11)","line":83,"loc":{"start":{"line":83,"column":75},"end":{"line":83,"column":99}}},"12":{"name":"(anonymous_12)","line":91,"loc":{"start":{"line":91,"column":110},"end":{"line":91,"column":125}}},"13":{"name":"(anonymous_13)","line":103,"loc":{"start":{"line":103,"column":75},"end":{"line":103,"column":99}}},"14":{"name":"(anonymous_14)","line":111,"loc":{"start":{"line":111,"column":108},"end":{"line":111,"column":123}}},"15":{"name":"(anonymous_15)","line":123,"loc":{"start":{"line":123,"column":75},"end":{"line":123,"column":99}}},"16":{"name":"(anonymous_16)","line":131,"loc":{"start":{"line":131,"column":68},"end":{"line":131,"column":83}}},"17":{"name":"(anonymous_17)","line":143,"loc":{"start":{"line":143,"column":75},"end":{"line":143,"column":99}}},"18":{"name":"(anonymous_18)","line":152,"loc":{"start":{"line":152,"column":86},"end":{"line":152,"column":97}}},"19":{"name":"(anonymous_19)","line":153,"loc":{"start":{"line":153,"column":69},"end":{"line":153,"column":84}}},"20":{"name":"(anonymous_20)","line":164,"loc":{"start":{"line":164,"column":75},"end":{"line":164,"column":99}}}},"statementMap":{"1":{"start":{"line":1,"column":0},"end":{"line":1,"column":86}},"2":{"start":{"line":3,"column":0},"end":{"line":173,"column":3}},"3":{"start":{"line":4,"column":2},"end":{"line":70,"column":5}},"4":{"start":{"line":5,"column":4},"end":{"line":23,"column":7}},"5":{"start":{"line":6,"column":6},"end":{"line":6,"column":42}},"6":{"start":{"line":7,"column":6},"end":{"line":15,"column":10}},"7":{"start":{"line":16,"column":6},"end":{"line":22,"column":9}},"8":{"start":{"line":18,"column":12},"end":{"line":18,"column":47}},"9":{"start":{"line":19,"column":12},"end":{"line":19,"column":53}},"10":{"start":{"line":20,"column":12},"end":{"line":20,"column":74}},"11":{"start":{"line":21,"column":12},"end":{"line":21,"column":19}},"12":{"start":{"line":24,"column":4},"end":{"line":44,"column":7}},"13":{"start":{"line":25,"column":6},"end":{"line":25,"column":53}},"14":{"start":{"line":26,"column":6},"end":{"line":35,"column":10}},"15":{"start":{"line":36,"column":6},"end":{"line":43,"column":9}},"16":{"start":{"line":38,"column":12},"end":{"line":38,"column":47}},"17":{"start":{"line":39,"column":12},"end":{"line":39,"column":53}},"18":{"start":{"line":40,"column":12},"end":{"line":40,"column":74}},"19":{"start":{"line":42,"column":12},"end":{"line":42,"column":19}},"20":{"start":{"line":45,"column":4},"end":{"line":69,"column":7}},"21":{"start":{"line":46,"column":6},"end":{"line":46,"column":61}},"22":{"start":{"line":47,"column":6},"end":{"line":60,"column":10}},"23":{"start":{"line":61,"column":6},"end":{"line":68,"column":9}},"24":{"start":{"line":63,"column":12},"end":{"line":63,"column":47}},"25":{"start":{"line":64,"column":12},"end":{"line":64,"column":53}},"26":{"start":{"line":65,"column":12},"end":{"line":65,"column":74}},"27":{"start":{"line":67,"column":12},"end":{"line":67,"column":19}},"28":{"start":{"line":71,"column":2},"end":{"line":151,"column":5}},"29":{"start":{"line":72,"column":4},"end":{"line":90,"column":7}},"30":{"start":{"line":73,"column":6},"end":{"line":73,"column":38}},"31":{"start":{"line":74,"column":6},"end":{"line":82,"column":10}},"32":{"start":{"line":83,"column":6},"end":{"line":89,"column":9}},"33":{"start":{"line":85,"column":12},"end":{"line":85,"column":47}},"34":{"start":{"line":86,"column":12},"end":{"line":86,"column":73}},"35":{"start":{"line":87,"column":12},"end":{"line":87,"column":126}},"36":{"start":{"line":88,"column":12},"end":{"line":88,"column":19}},"37":{"start":{"line":91,"column":4},"end":{"line":110,"column":7}},"38":{"start":{"line":92,"column":6},"end":{"line":92,"column":38}},"39":{"start":{"line":93,"column":6},"end":{"line":102,"column":10}},"40":{"start":{"line":103,"column":6},"end":{"line":109,"column":9}},"41":{"start":{"line":105,"column":12},"end":{"line":105,"column":47}},"42":{"start":{"line":106,"column":12},"end":{"line":106,"column":73}},"43":{"start":{"line":107,"column":12},"end":{"line":107,"column":123}},"44":{"start":{"line":108,"column":12},"end":{"line":108,"column":19}},"45":{"start":{"line":111,"column":4},"end":{"line":130,"column":7}},"46":{"start":{"line":112,"column":6},"end":{"line":112,"column":38}},"47":{"start":{"line":113,"column":6},"end":{"line":122,"column":10}},"48":{"start":{"line":123,"column":6},"end":{"line":129,"column":9}},"49":{"start":{"line":125,"column":12},"end":{"line":125,"column":47}},"50":{"start":{"line":126,"column":12},"end":{"line":126,"column":73}},"51":{"start":{"line":127,"column":12},"end":{"line":127,"column":120}},"52":{"start":{"line":128,"column":12},"end":{"line":128,"column":19}},"53":{"start":{"line":131,"column":4},"end":{"line":150,"column":7}},"54":{"start":{"line":132,"column":6},"end":{"line":132,"column":38}},"55":{"start":{"line":133,"column":6},"end":{"line":142,"column":10}},"56":{"start":{"line":143,"column":6},"end":{"line":149,"column":9}},"57":{"start":{"line":145,"column":12},"end":{"line":145,"column":47}},"58":{"start":{"line":146,"column":12},"end":{"line":146,"column":73}},"59":{"start":{"line":147,"column":12},"end":{"line":147,"column":127}},"60":{"start":{"line":148,"column":12},"end":{"line":148,"column":19}},"61":{"start":{"line":152,"column":2},"end":{"line":172,"column":5}},"62":{"start":{"line":153,"column":4},"end":{"line":171,"column":7}},"63":{"start":{"line":154,"column":6},"end":{"line":154,"column":43}},"64":{"start":{"line":155,"column":6},"end":{"line":163,"column":10}},"65":{"start":{"line":164,"column":6},"end":{"line":170,"column":9}},"66":{"start":{"line":166,"column":12},"end":{"line":166,"column":47}},"67":{"start":{"line":167,"column":12},"end":{"line":167,"column":73}},"68":{"start":{"line":168,"column":12},"end":{"line":168,"column":115}},"69":{"start":{"line":169,"column":12},"end":{"line":169,"column":19}}},"branchMap":{}},"/home/mazze/Schreibtisch/alexa-skill-fuelking-swt2/alexa-skill-fuelking/js/fuelking-alexa-skill/fuelking-skill-intents.js":{"path":"/home/mazze/Schreibtisch/alexa-skill-fuelking-swt2/alexa-skill-fuelking/js/fuelking-alexa-skill/fuelking-skill-intents.js","s":{"1":1,"2":1,"3":1,"4":9,"5":9,"6":1,"7":1,"8":1,"9":1,"10":0,"11":0,"12":0,"13":0,"14":0,"15":1,"16":1,"17":0,"18":0,"19":1,"20":1,"21":1,"22":1,"23":1,"24":1,"25":1,"26":1,"27":1,"28":0,"29":0,"30":1,"31":1,"32":1,"33":1,"34":1,"35":1,"36":1,"37":1,"38":6,"39":6},"b":{"1":[1,1,1,6],"2":[1,0],"3":[0,1],"4":[0,1]},"f":{"1":9,"2":0,"3":1,"4":1},"fnMap":{"1":{"name":"(anonymous_1)","line":7,"loc":{"start":{"line":7,"column":51},"end":{"line":7,"column":95}}},"2":{"name":"(anonymous_2)","line":27,"loc":{"start":{"line":27,"column":87},"end":{"line":27,"column":109}}},"3":{"name":"(anonymous_3)","line":41,"loc":{"start":{"line":41,"column":90},"end":{"line":41,"column":112}}},"4":{"name":"(anonymous_4)","line":56,"loc":{"start":{"line":56,"column":90},"end":{"line":56,"column":112}}}},"statementMap":{"1":{"start":{"line":1,"column":0},"end":{"line":1,"column":59}},"2":{"start":{"line":2,"column":0},"end":{"line":2,"column":69}},"3":{"start":{"line":7,"column":0},"end":{"line":65,"column":1}},"4":{"start":{"line":8,"column":2},"end":{"line":8,"column":25}},"5":{"start":{"line":17,"column":6},"end":{"line":64,"column":7}},"6":{"start":{"line":19,"column":10},"end":{"line":19,"column":80}},"7":{"start":{"line":20,"column":10},"end":{"line":23,"column":11}},"8":{"start":{"line":21,"column":12},"end":{"line":21,"column":92}},"9":{"start":{"line":22,"column":12},"end":{"line":22,"column":19}},"10":{"start":{"line":24,"column":10},"end":{"line":24,"column":44}},"11":{"start":{"line":27,"column":12},"end":{"line":30,"column":13}},"12":{"start":{"line":28,"column":12},"end":{"line":28,"column":109}},"13":{"start":{"line":29,"column":12},"end":{"line":29,"column":47}},"14":{"start":{"line":31,"column":10},"end":{"line":31,"column":16}},"15":{"start":{"line":33,"column":10},"end":{"line":33,"column":80}},"16":{"start":{"line":34,"column":10},"end":{"line":37,"column":11}},"17":{"start":{"line":35,"column":12},"end":{"line":35,"column":92}},"18":{"start":{"line":36,"column":12},"end":{"line":36,"column":19}},"19":{"start":{"line":38,"column":10},"end":{"line":38,"column":44}},"20":{"start":{"line":39,"column":10},"end":{"line":39,"column":46}},"21":{"start":{"line":40,"column":12},"end":{"line":40,"column":70}},"22":{"start":{"line":41,"column":12},"end":{"line":44,"column":13}},"23":{"start":{"line":42,"column":12},"end":{"line":42,"column":109}},"24":{"start":{"line":43,"column":12},"end":{"line":43,"column":47}},"25":{"start":{"line":45,"column":10},"end":{"line":45,"column":16}},"26":{"start":{"line":47,"column":10},"end":{"line":47,"column":80}},"27":{"start":{"line":48,"column":10},"end":{"line":51,"column":11}},"28":{"start":{"line":49,"column":12},"end":{"line":49,"column":92}},"29":{"start":{"line":50,"column":12},"end":{"line":50,"column":19}},"30":{"start":{"line":52,"column":10},"end":{"line":52,"column":44}},"31":{"start":{"line":53,"column":10},"end":{"line":53,"column":46}},"32":{"start":{"line":54,"column":10},"end":{"line":54,"column":42}},"33":{"start":{"line":55,"column":12},"end":{"line":55,"column":70}},"34":{"start":{"line":56,"column":12},"end":{"line":59,"column":13}},"35":{"start":{"line":57,"column":12},"end":{"line":57,"column":109}},"36":{"start":{"line":58,"column":12},"end":{"line":58,"column":47}},"37":{"start":{"line":60,"column":10},"end":{"line":60,"column":16}},"38":{"start":{"line":62,"column":10},"end":{"line":62,"column":109}},"39":{"start":{"line":63,"column":10},"end":{"line":63,"column":45}}},"branchMap":{"1":{"line":17,"type":"switch","locations":[{"start":{"line":18,"column":8},"end":{"line":31,"column":16}},{"start":{"line":32,"column":8},"end":{"line":45,"column":16}},{"start":{"line":46,"column":5},"end":{"line":60,"column":16}},{"start":{"line":61,"column":8},"end":{"line":63,"column":45}}]},"2":{"line":20,"type":"if","locations":[{"start":{"line":20,"column":10},"end":{"line":20,"column":10}},{"start":{"line":20,"column":10},"end":{"line":20,"column":10}}]},"3":{"line":34,"type":"if","locations":[{"start":{"line":34,"column":10},"end":{"line":34,"column":10}},{"start":{"line":34,"column":10},"end":{"line":34,"column":10}}]},"4":{"line":48,"type":"if","locations":[{"start":{"line":48,"column":10},"end":{"line":48,"column":10}},{"start":{"line":48,"column":10},"end":{"line":48,"column":10}}]}}},"/home/mazze/Schreibtisch/alexa-skill-fuelking-swt2/alexa-skill-fuelking/js/fuelking-alexa-skill/fuelking-skill-helper.js":{"path":"/home/mazze/Schreibtisch/alexa-skill-fuelking-swt2/alexa-skill-fuelking/js/fuelking-alexa-skill/fuelking-skill-helper.js","s":{"1":1,"2":1,"3":1,"4":7,"5":7,"6":0,"7":7,"8":0,"9":7,"10":6,"11":7,"12":1,"13":11,"14":11,"15":1,"16":3,"17":3,"18":3,"19":3,"20":3,"21":3,"22":0,"23":0,"24":3,"25":3,"26":3,"27":1,"28":0,"29":1,"30":1,"31":3,"32":1,"33":0,"34":0,"35":0,"36":0,"37":1,"38":0,"39":3,"40":1,"41":3,"42":3},"b":{"1":[0,7],"2":[0,7],"3":[6,1],"4":[3,0],"5":[0,3],"6":[3,3],"7":[3,0],"8":[1,2],"9":[3,2],"10":[0,1],"11":[1,2],"12":[0,1],"13":[1,1],"14":[0,0],"15":[0,1],"16":[1,2]},"f":{"1":7,"2":11,"3":3},"fnMap":{"1":{"name":"(anonymous_1)","line":4,"loc":{"start":{"line":4,"column":39},"end":{"line":4,"column":53}}},"2":{"name":"(anonymous_2)","line":17,"loc":{"start":{"line":17,"column":39},"end":{"line":17,"column":75}}},"3":{"name":"(anonymous_3)","line":32,"loc":{"start":{"line":32,"column":39},"end":{"line":32,"column":55}}}},"statementMap":{"1":{"start":{"line":1,"column":0},"end":{"line":1,"column":41}},"2":{"start":{"line":2,"column":0},"end":{"line":2,"column":44}},"3":{"start":{"line":4,"column":0},"end":{"line":14,"column":1}},"4":{"start":{"line":5,"column":2},"end":{"line":5,"column":20}},"5":{"start":{"line":6,"column":2},"end":{"line":12,"column":5}},"6":{"start":{"line":7,"column":6},"end":{"line":7,"column":22}},"7":{"start":{"line":8,"column":11},"end":{"line":12,"column":5}},"8":{"start":{"line":9,"column":8},"end":{"line":9,"column":25}},"9":{"start":{"line":10,"column":11},"end":{"line":12,"column":5}},"10":{"start":{"line":11,"column":8},"end":{"line":11,"column":28}},"11":{"start":{"line":13,"column":2},"end":{"line":13,"column":18}},"12":{"start":{"line":17,"column":0},"end":{"line":29,"column":2}},"13":{"start":{"line":18,"column":4},"end":{"line":27,"column":6}},"14":{"start":{"line":28,"column":1},"end":{"line":28,"column":18}},"15":{"start":{"line":32,"column":0},"end":{"line":79,"column":2}},"16":{"start":{"line":33,"column":2},"end":{"line":33,"column":31}},"17":{"start":{"line":34,"column":2},"end":{"line":34,"column":21}},"18":{"start":{"line":35,"column":2},"end":{"line":35,"column":25}},"19":{"start":{"line":36,"column":2},"end":{"line":36,"column":21}},"20":{"start":{"line":38,"column":2},"end":{"line":43,"column":3}},"21":{"start":{"line":39,"column":4},"end":{"line":42,"column":5}},"22":{"start":{"line":40,"column":7},"end":{"line":40,"column":43}},"23":{"start":{"line":41,"column":7},"end":{"line":41,"column":20}},"24":{"start":{"line":45,"column":2},"end":{"line":54,"column":3}},"25":{"start":{"line":46,"column":4},"end":{"line":46,"column":66}},"26":{"start":{"line":47,"column":4},"end":{"line":53,"column":5}},"27":{"start":{"line":48,"column":6},"end":{"line":50,"column":7}},"28":{"start":{"line":49,"column":9},"end":{"line":49,"column":33}},"29":{"start":{"line":51,"column":6},"end":{"line":51,"column":40}},"30":{"start":{"line":52,"column":6},"end":{"line":52,"column":19}},"31":{"start":{"line":56,"column":2},"end":{"line":70,"column":3}},"32":{"start":{"line":57,"column":4},"end":{"line":68,"column":5}},"33":{"start":{"line":58,"column":6},"end":{"line":60,"column":7}},"34":{"start":{"line":59,"column":9},"end":{"line":59,"column":33}},"35":{"start":{"line":61,"column":6},"end":{"line":61,"column":37}},"36":{"start":{"line":62,"column":6},"end":{"line":62,"column":19}},"37":{"start":{"line":64,"column":11},"end":{"line":68,"column":5}},"38":{"start":{"line":66,"column":6},"end":{"line":66,"column":65}},"39":{"start":{"line":72,"column":2},"end":{"line":74,"column":3}},"40":{"start":{"line":73,"column":4},"end":{"line":73,"column":75}},"41":{"start":{"line":75,"column":4},"end":{"line":75,"column":37}},"42":{"start":{"line":78,"column":2},"end":{"line":78,"column":29}}},"branchMap":{"1":{"line":6,"type":"if","locations":[{"start":{"line":6,"column":2},"end":{"line":6,"column":2}},{"start":{"line":6,"column":2},"end":{"line":6,"column":2}}]},"2":{"line":8,"type":"if","locations":[{"start":{"line":8,"column":11},"end":{"line":8,"column":11}},{"start":{"line":8,"column":11},"end":{"line":8,"column":11}}]},"3":{"line":10,"type":"if","locations":[{"start":{"line":10,"column":11},"end":{"line":10,"column":11}},{"start":{"line":10,"column":11},"end":{"line":10,"column":11}}]},"4":{"line":38,"type":"if","locations":[{"start":{"line":38,"column":2},"end":{"line":38,"column":2}},{"start":{"line":38,"column":2},"end":{"line":38,"column":2}}]},"5":{"line":39,"type":"if","locations":[{"start":{"line":39,"column":4},"end":{"line":39,"column":4}},{"start":{"line":39,"column":4},"end":{"line":39,"column":4}}]},"6":{"line":39,"type":"binary-expr","locations":[{"start":{"line":39,"column":7},"end":{"line":39,"column":27}},{"start":{"line":39,"column":31},"end":{"line":39,"column":57}}]},"7":{"line":45,"type":"if","locations":[{"start":{"line":45,"column":2},"end":{"line":45,"column":2}},{"start":{"line":45,"column":2},"end":{"line":45,"column":2}}]},"8":{"line":47,"type":"if","locations":[{"start":{"line":47,"column":4},"end":{"line":47,"column":4}},{"start":{"line":47,"column":4},"end":{"line":47,"column":4}}]},"9":{"line":47,"type":"binary-expr","locations":[{"start":{"line":47,"column":7},"end":{"line":47,"column":28}},{"start":{"line":47,"column":32},"end":{"line":47,"column":87}}]},"10":{"line":48,"type":"if","locations":[{"start":{"line":48,"column":6},"end":{"line":48,"column":6}},{"start":{"line":48,"column":6},"end":{"line":48,"column":6}}]},"11":{"line":56,"type":"if","locations":[{"start":{"line":56,"column":2},"end":{"line":56,"column":2}},{"start":{"line":56,"column":2},"end":{"line":56,"column":2}}]},"12":{"line":57,"type":"if","locations":[{"start":{"line":57,"column":4},"end":{"line":57,"column":4}},{"start":{"line":57,"column":4},"end":{"line":57,"column":4}}]},"13":{"line":57,"type":"binary-expr","locations":[{"start":{"line":57,"column":7},"end":{"line":57,"column":26}},{"start":{"line":57,"column":30},"end":{"line":57,"column":55}}]},"14":{"line":58,"type":"if","locations":[{"start":{"line":58,"column":6},"end":{"line":58,"column":6}},{"start":{"line":58,"column":6},"end":{"line":58,"column":6}}]},"15":{"line":64,"type":"if","locations":[{"start":{"line":64,"column":11},"end":{"line":64,"column":11}},{"start":{"line":64,"column":11},"end":{"line":64,"column":11}}]},"16":{"line":72,"type":"if","locations":[{"start":{"line":72,"column":2},"end":{"line":72,"column":2}},{"start":{"line":72,"column":2},"end":{"line":72,"column":2}}]}}},"/home/mazze/Schreibtisch/alexa-skill-fuelking-swt2/alexa-skill-fuelking/spec/fuelking-requests-spec.js":{"path":"/home/mazze/Schreibtisch/alexa-skill-fuelking-swt2/alexa-skill-fuelking/spec/fuelking-requests-spec.js","s":{"1":1,"2":1,"3":1,"4":1,"5":1,"6":1,"7":1,"8":1,"9":1,"10":1,"11":1,"12":1,"13":1,"14":1,"15":1,"16":1,"17":1,"18":1},"b":{},"f":{"1":1,"2":1,"3":1,"4":1,"5":1,"6":1,"7":1},"fnMap":{"1":{"name":"(anonymous_1)","line":5,"loc":{"start":{"line":5,"column":51},"end":{"line":5,"column":62}}},"2":{"name":"(anonymous_2)","line":6,"loc":{"start":{"line":6,"column":81},"end":{"line":6,"column":92}}},"3":{"name":"(anonymous_3)","line":7,"loc":{"start":{"line":7,"column":72},"end":{"line":7,"column":87}}},"4":{"name":"(anonymous_4)","line":8,"loc":{"start":{"line":8,"column":50},"end":{"line":8,"column":71}}},"5":{"name":"(anonymous_5)","line":19,"loc":{"start":{"line":19,"column":90},"end":{"line":19,"column":101}}},"6":{"name":"(anonymous_6)","line":20,"loc":{"start":{"line":20,"column":56},"end":{"line":20,"column":71}}},"7":{"name":"(anonymous_7)","line":21,"loc":{"start":{"line":21,"column":85},"end":{"line":21,"column":111}}}},"statementMap":{"1":{"start":{"line":1,"column":0},"end":{"line":1,"column":67}},"2":{"start":{"line":2,"column":0},"end":{"line":2,"column":80}},"3":{"start":{"line":5,"column":0},"end":{"line":28,"column":3}},"4":{"start":{"line":6,"column":2},"end":{"line":18,"column":5}},"5":{"start":{"line":7,"column":4},"end":{"line":17,"column":8}},"6":{"start":{"line":8,"column":6},"end":{"line":16,"column":11}},"7":{"start":{"line":9,"column":10},"end":{"line":9,"column":43}},"8":{"start":{"line":10,"column":10},"end":{"line":10,"column":43}},"9":{"start":{"line":12,"column":10},"end":{"line":12,"column":44}},"10":{"start":{"line":13,"column":10},"end":{"line":13,"column":55}},"11":{"start":{"line":14,"column":10},"end":{"line":14,"column":56}},"12":{"start":{"line":15,"column":10},"end":{"line":15,"column":17}},"13":{"start":{"line":19,"column":2},"end":{"line":27,"column":5}},"14":{"start":{"line":20,"column":4},"end":{"line":26,"column":8}},"15":{"start":{"line":21,"column":6},"end":{"line":25,"column":11}},"16":{"start":{"line":22,"column":16},"end":{"line":22,"column":54}},"17":{"start":{"line":23,"column":16},"end":{"line":23,"column":59}},"18":{"start":{"line":24,"column":16},"end":{"line":24,"column":23}}},"branchMap":{}},"/home/mazze/Schreibtisch/alexa-skill-fuelking-swt2/alexa-skill-fuelking/spec/fuelking-skill-spec.js":{"path":"/home/mazze/Schreibtisch/alexa-skill-fuelking-swt2/alexa-skill-fuelking/spec/fuelking-skill-spec.js","s":{"1":1,"2":1,"3":1,"4":1,"5":1,"6":1,"7":1,"8":1,"9":1,"10":1,"11":1,"12":1,"13":1,"14":1,"15":1,"16":1,"17":1,"18":1,"19":1,"20":1,"21":1},"b":{},"f":{"1":1,"2":1,"3":1,"4":1,"5":1,"6":1,"7":1,"8":1},"fnMap":{"1":{"name":"(anonymous_1)","line":38,"loc":{"start":{"line":38,"column":78},"end":{"line":38,"column":89}}},"2":{"name":"(anonymous_2)","line":39,"loc":{"start":{"line":39,"column":68},"end":{"line":39,"column":83}}},"3":{"name":"(anonymous_3)","line":41,"loc":{"start":{"line":41,"column":59},"end":{"line":41,"column":84}}},"4":{"name":"(anonymous_4)","line":49,"loc":{"start":{"line":49,"column":66},"end":{"line":49,"column":77}}},"5":{"name":"(anonymous_5)","line":50,"loc":{"start":{"line":50,"column":62},"end":{"line":50,"column":77}}},"6":{"name":"(anonymous_6)","line":54,"loc":{"start":{"line":54,"column":59},"end":{"line":54,"column":84}}},"7":{"name":"(anonymous_7)","line":61,"loc":{"start":{"line":61,"column":69},"end":{"line":61,"column":84}}},"8":{"name":"(anonymous_8)","line":65,"loc":{"start":{"line":65,"column":59},"end":{"line":65,"column":83}}}},"statementMap":{"1":{"start":{"line":1,"column":0},"end":{"line":1,"column":76}},"2":{"start":{"line":3,"column":0},"end":{"line":35,"column":2}},"3":{"start":{"line":38,"column":0},"end":{"line":47,"column":3}},"4":{"start":{"line":39,"column":2},"end":{"line":46,"column":5}},"5":{"start":{"line":41,"column":4},"end":{"line":45,"column":7}},"6":{"start":{"line":44,"column":10},"end":{"line":44,"column":17}},"7":{"start":{"line":49,"column":0},"end":{"line":72,"column":3}},"8":{"start":{"line":50,"column":2},"end":{"line":60,"column":5}},"9":{"start":{"line":51,"column":4},"end":{"line":51,"column":60}},"10":{"start":{"line":54,"column":4},"end":{"line":59,"column":7}},"11":{"start":{"line":55,"column":10},"end":{"line":55,"column":53}},"12":{"start":{"line":56,"column":10},"end":{"line":56,"column":74}},"13":{"start":{"line":57,"column":10},"end":{"line":57,"column":136}},"14":{"start":{"line":58,"column":10},"end":{"line":58,"column":17}},"15":{"start":{"line":61,"column":2},"end":{"line":71,"column":5}},"16":{"start":{"line":62,"column":4},"end":{"line":62,"column":69}},"17":{"start":{"line":65,"column":4},"end":{"line":70,"column":7}},"18":{"start":{"line":66,"column":10},"end":{"line":66,"column":53}},"19":{"start":{"line":67,"column":10},"end":{"line":67,"column":74}},"20":{"start":{"line":68,"column":10},"end":{"line":68,"column":127}},"21":{"start":{"line":69,"column":10},"end":{"line":69,"column":17}}},"branchMap":{}},"/home/mazze/Schreibtisch/alexa-skill-fuelking-swt2/alexa-skill-fuelking/js/fuelking-alexa-skill/fuelking-skill.js":{"path":"/home/mazze/Schreibtisch/alexa-skill-fuelking-swt2/alexa-skill-fuelking/js/fuelking-alexa-skill/fuelking-skill.js","s":{"1":1,"2":1,"3":1,"4":3,"5":3,"6":3,"7":1,"8":1,"9":1,"10":1,"11":1,"12":1,"13":1,"14":1,"15":1},"b":{"1":[1,1,1]},"f":{"1":3,"2":1},"fnMap":{"1":{"name":"(anonymous_1)","line":5,"loc":{"start":{"line":5,"column":37},"end":{"line":5,"column":57}}},"2":{"name":"(anonymous_2)","line":21,"loc":{"start":{"line":21,"column":121},"end":{"line":21,"column":145}}}},"statementMap":{"1":{"start":{"line":1,"column":0},"end":{"line":1,"column":61}},"2":{"start":{"line":2,"column":0},"end":{"line":2,"column":59}},"3":{"start":{"line":5,"column":0},"end":{"line":31,"column":2}},"4":{"start":{"line":6,"column":2},"end":{"line":6,"column":47}},"5":{"start":{"line":7,"column":2},"end":{"line":7,"column":23}},"6":{"start":{"line":9,"column":4},"end":{"line":30,"column":3}},"7":{"start":{"line":12,"column":10},"end":{"line":12,"column":129}},"8":{"start":{"line":13,"column":10},"end":{"line":13,"column":33}},"9":{"start":{"line":14,"column":10},"end":{"line":14,"column":16}},"10":{"start":{"line":21,"column":10},"end":{"line":24,"column":13}},"11":{"start":{"line":22,"column":16},"end":{"line":22,"column":48}},"12":{"start":{"line":23,"column":16},"end":{"line":23,"column":39}},"13":{"start":{"line":25,"column":10},"end":{"line":25,"column":16}},"14":{"start":{"line":28,"column":10},"end":{"line":28,"column":119}},"15":{"start":{"line":29,"column":10},"end":{"line":29,"column":33}}},"branchMap":{"1":{"line":9,"type":"switch","locations":[{"start":{"line":10,"column":8},"end":{"line":14,"column":16}},{"start":{"line":19,"column":8},"end":{"line":25,"column":16}},{"start":{"line":26,"column":6},"end":{"line":29,"column":33}}]}}},"/home/mazze/Schreibtisch/alexa-skill-fuelking-swt2/alexa-skill-fuelking/server.js":{"path":"/home/mazze/Schreibtisch/alexa-skill-fuelking-swt2/alexa-skill-fuelking/server.js","s":{"1":0,"2":0,"3":0,"4":0,"5":0,"6":0,"7":0,"8":0,"9":0,"10":0,"11":0,"12":0,"13":0,"14":0,"15":0,"16":0},"b":{"1":[0,0],"2":[0,0]},"f":{"1":0,"2":0,"3":0,"4":0,"5":0,"6":0},"fnMap":{"1":{"name":"requestVerifier","line":26,"loc":{"start":{"line":26,"column":0},"end":{"line":26,"column":41}}},"2":{"name":"verificationCallback","line":31,"loc":{"start":{"line":31,"column":8},"end":{"line":31,"column":43}}},"3":{"name":"getRawBody","line":45,"loc":{"start":{"line":45,"column":12},"end":{"line":45,"column":47}}},"4":{"name":"(anonymous_4)","line":55,"loc":{"start":{"line":55,"column":51},"end":{"line":55,"column":68}}},"5":{"name":"sendResponseToAmazon","line":56,"loc":{"start":{"line":56,"column":43},"end":{"line":56,"column":88}}},"6":{"name":"(anonymous_6)","line":63,"loc":{"start":{"line":63,"column":37},"end":{"line":63,"column":49}}}},"statementMap":{"1":{"start":{"line":2,"column":0},"end":{"line":2,"column":33}},"2":{"start":{"line":3,"column":0},"end":{"line":3,"column":40}},"3":{"start":{"line":4,"column":0},"end":{"line":4,"column":46}},"4":{"start":{"line":5,"column":0},"end":{"line":5,"column":75}},"5":{"start":{"line":7,"column":0},"end":{"line":7,"column":20}},"6":{"start":{"line":26,"column":0},"end":{"line":39,"column":1}},"7":{"start":{"line":27,"column":4},"end":{"line":38,"column":6}},"8":{"start":{"line":32,"column":12},"end":{"line":36,"column":13}},"9":{"start":{"line":33,"column":16},"end":{"line":33,"column":86}},"10":{"start":{"line":35,"column":16},"end":{"line":35,"column":23}},"11":{"start":{"line":44,"column":0},"end":{"line":49,"column":4}},"12":{"start":{"line":47,"column":8},"end":{"line":47,"column":37}},"13":{"start":{"line":55,"column":0},"end":{"line":59,"column":3}},"14":{"start":{"line":56,"column":4},"end":{"line":58,"column":7}},"15":{"start":{"line":57,"column":8},"end":{"line":57,"column":33}},"16":{"start":{"line":63,"column":0},"end":{"line":64,"column":3}}},"branchMap":{"1":{"line":32,"type":"if","locations":[{"start":{"line":32,"column":12},"end":{"line":32,"column":12}},{"start":{"line":32,"column":12},"end":{"line":32,"column":12}}]},"2":{"line":63,"type":"binary-expr","locations":[{"start":{"line":63,"column":11},"end":{"line":63,"column":27}},{"start":{"line":63,"column":31},"end":{"line":63,"column":35}}]}}}}