TN:
SF:/home/mazze/Schreibtisch/alexa-skill-fuelking-swt2/alexa-skill-fuelking/spec/fuelking-connections-spec.js
FN:3,(anonymous_1)
FN:4,(anonymous_2)
FN:5,(anonymous_3)
FNF:3
FNH:3
FNDA:1,(anonymous_1)
FNDA:1,(anonymous_2)
FNDA:1,(anonymous_3)
DA:1,1
DA:3,1
DA:4,1
DA:5,1
DA:6,1
DA:7,1
DA:8,1
DA:9,1
DA:10,1
DA:11,1
LF:10
LH:10
BRF:0
BRH:0
end_of_record
TN:
SF:/home/mazze/Schreibtisch/alexa-skill-fuelking-swt2/alexa-skill-fuelking/js/fuelking-alexa-skill/fuelking-skill-connections.js
FN:5,(anonymous_1)
FN:6,(anonymous_2)
FN:7,(anonymous_3)
FNF:3
FNH:3
FNDA:3,(anonymous_1)
FNDA:3,(anonymous_2)
FNDA:3,(anonymous_3)
DA:1,1
DA:2,1
DA:5,1
DA:6,3
DA:7,3
DA:8,3
LF:6
LH:6
BRF:0
BRH:0
end_of_record
TN:
SF:/home/mazze/Schreibtisch/alexa-skill-fuelking-swt2/alexa-skill-fuelking/js/api-requests/tankerkoenig-requests.js
FN:4,(anonymous_1)
FN:5,(anonymous_2)
FNF:2
FNH:2
FNDA:4,(anonymous_1)
FNDA:4,(anonymous_2)
DA:1,1
DA:4,1
DA:5,4
DA:6,4
DA:7,0
DA:8,0
DA:11,4
DA:12,4
LF:8
LH:6
BRDA:6,1,0,0
BRDA:6,1,1,4
BRF:2
BRH:1
end_of_record
TN:
SF:/home/mazze/Schreibtisch/alexa-skill-fuelking-swt2/alexa-skill-fuelking/js/api-requests/gmaps-requests.js
FN:3,(anonymous_1)
FN:4,(anonymous_2)
FNF:2
FNH:2
FNDA:4,(anonymous_1)
FNDA:4,(anonymous_2)
DA:1,1
DA:3,1
DA:4,4
DA:5,4
DA:6,0
DA:7,0
DA:10,4
DA:11,4
DA:12,4
DA:13,4
LF:10
LH:8
BRDA:5,1,0,0
BRDA:5,1,1,4
BRF:2
BRH:1
end_of_record
TN:
SF:/home/mazze/Schreibtisch/alexa-skill-fuelking-swt2/alexa-skill-fuelking/spec/fuelking-helper-spec.js
FNF:0
FNH:0
LF:0
LH:0
BRF:0
BRH:0
end_of_record
TN:
SF:/home/mazze/Schreibtisch/alexa-skill-fuelking-swt2/alexa-skill-fuelking/spec/fuelking-intents-spec.js
FN:3,(anonymous_1)
FN:4,(anonymous_2)
FN:5,(anonymous_3)
FN:16,(anonymous_4)
FN:24,(anonymous_5)
FN:36,(anonymous_6)
FN:45,(anonymous_7)
FN:61,(anonymous_8)
FN:71,(anonymous_9)
FN:72,(anonymous_10)
FN:83,(anonymous_11)
FN:91,(anonymous_12)
FN:103,(anonymous_13)
FN:111,(anonymous_14)
FN:123,(anonymous_15)
FN:131,(anonymous_16)
FN:143,(anonymous_17)
FN:152,(anonymous_18)
FN:153,(anonymous_19)
FN:164,(anonymous_20)
FNF:20
FNH:20
FNDA:1,(anonymous_1)
FNDA:1,(anonymous_2)
FNDA:1,(anonymous_3)
FNDA:1,(anonymous_4)
FNDA:1,(anonymous_5)
FNDA:1,(anonymous_6)
FNDA:1,(anonymous_7)
FNDA:1,(anonymous_8)
FNDA:1,(anonymous_9)
FNDA:1,(anonymous_10)
FNDA:1,(anonymous_11)
FNDA:1,(anonymous_12)
FNDA:1,(anonymous_13)
FNDA:1,(anonymous_14)
FNDA:1,(anonymous_15)
FNDA:1,(anonymous_16)
FNDA:1,(anonymous_17)
FNDA:1,(anonymous_18)
FNDA:1,(anonymous_19)
FNDA:1,(anonymous_20)
DA:1,1
DA:3,1
DA:4,1
DA:5,1
DA:6,1
DA:7,1
DA:16,1
DA:18,1
DA:19,1
DA:20,1
DA:21,1
DA:24,1
DA:25,1
DA:26,1
DA:36,1
DA:38,1
DA:39,1
DA:40,1
DA:42,1
DA:45,1
DA:46,1
DA:47,1
DA:61,1
DA:63,1
DA:64,1
DA:65,1
DA:67,1
DA:71,1
DA:72,1
DA:73,1
DA:74,1
DA:83,1
DA:85,1
DA:86,1
DA:87,1
DA:88,1
DA:91,1
DA:92,1
DA:93,1
DA:103,1
DA:105,1
DA:106,1
DA:107,1
DA:108,1
DA:111,1
DA:112,1
DA:113,1
DA:123,1
DA:125,1
DA:126,1
DA:127,1
DA:128,1
DA:131,1
DA:132,1
DA:133,1
DA:143,1
DA:145,1
DA:146,1
DA:147,1
DA:148,1
DA:152,1
DA:153,1
DA:154,1
DA:155,1
DA:164,1
DA:166,1
DA:167,1
DA:168,1
DA:169,1
LF:69
LH:69
BRF:0
BRH:0
end_of_record
TN:
SF:/home/mazze/Schreibtisch/alexa-skill-fuelking-swt2/alexa-skill-fuelking/js/fuelking-alexa-skill/fuelking-skill-intents.js
FN:7,(anonymous_1)
FN:27,(anonymous_2)
FN:41,(anonymous_3)
FN:56,(anonymous_4)
FNF:4
FNH:3
FNDA:9,(anonymous_1)
FNDA:0,(anonymous_2)
FNDA:1,(anonymous_3)
FNDA:1,(anonymous_4)
DA:1,1
DA:2,1
DA:7,1
DA:8,9
DA:17,9
DA:19,1
DA:20,1
DA:21,1
DA:22,1
DA:24,0
DA:27,0
DA:28,0
DA:29,0
DA:31,0
DA:33,1
DA:34,1
DA:35,0
DA:36,0
DA:38,1
DA:39,1
DA:40,1
DA:41,1
DA:42,1
DA:43,1
DA:45,1
DA:47,1
DA:48,1
DA:49,0
DA:50,0
DA:52,1
DA:53,1
DA:54,1
DA:55,1
DA:56,1
DA:57,1
DA:58,1
DA:60,1
DA:62,6
DA:63,6
LF:39
LH:30
BRDA:17,1,0,1
BRDA:17,1,1,1
BRDA:17,1,2,1
BRDA:17,1,3,6
BRDA:20,2,0,1
BRDA:20,2,1,0
BRDA:34,3,0,0
BRDA:34,3,1,1
BRDA:48,4,0,0
BRDA:48,4,1,1
BRF:10
BRH:7
end_of_record
TN:
SF:/home/mazze/Schreibtisch/alexa-skill-fuelking-swt2/alexa-skill-fuelking/js/fuelking-alexa-skill/fuelking-skill-helper.js
FN:4,(anonymous_1)
FN:17,(anonymous_2)
FN:32,(anonymous_3)
FNF:3
FNH:3
FNDA:7,(anonymous_1)
FNDA:11,(anonymous_2)
FNDA:3,(anonymous_3)
DA:1,1
DA:2,1
DA:4,1
DA:5,7
DA:6,7
DA:7,0
DA:8,7
DA:9,0
DA:10,7
DA:11,6
DA:13,7
DA:17,1
DA:18,11
DA:28,11
DA:32,1
DA:33,3
DA:34,3
DA:35,3
DA:36,3
DA:38,3
DA:39,3
DA:40,0
DA:41,0
DA:45,3
DA:46,3
DA:47,3
DA:48,1
DA:49,0
DA:51,1
DA:52,1
DA:56,3
DA:57,1
DA:58,0
DA:59,0
DA:61,0
DA:62,0
DA:64,1
DA:66,0
DA:72,3
DA:73,1
DA:75,3
DA:78,3
LF:42
LH:32
BRDA:6,1,0,0
BRDA:6,1,1,7
BRDA:8,2,0,0
BRDA:8,2,1,7
BRDA:10,3,0,6
BRDA:10,3,1,1
BRDA:38,4,0,3
BRDA:38,4,1,0
BRDA:39,5,0,0
BRDA:39,5,1,3
BRDA:39,6,0,3
BRDA:39,6,1,3
BRDA:45,7,0,3
BRDA:45,7,1,0
BRDA:47,8,0,1
BRDA:47,8,1,2
BRDA:47,9,0,3
BRDA:47,9,1,2
BRDA:48,10,0,0
BRDA:48,10,1,1
BRDA:56,11,0,1
BRDA:56,11,1,2
BRDA:57,12,0,0
BRDA:57,12,1,1
BRDA:57,13,0,1
BRDA:57,13,1,1
BRDA:58,14,0,0
BRDA:58,14,1,0
BRDA:64,15,0,0
BRDA:64,15,1,1
BRDA:72,16,0,1
BRDA:72,16,1,2
BRF:32
BRH:22
end_of_record
TN:
SF:/home/mazze/Schreibtisch/alexa-skill-fuelking-swt2/alexa-skill-fuelking/spec/fuelking-requests-spec.js
FN:5,(anonymous_1)
FN:6,(anonymous_2)
FN:7,(anonymous_3)
FN:8,(anonymous_4)
FN:19,(anonymous_5)
FN:20,(anonymous_6)
FN:21,(anonymous_7)
FNF:7
FNH:7
FNDA:1,(anonymous_1)
FNDA:1,(anonymous_2)
FNDA:1,(anonymous_3)
FNDA:1,(anonymous_4)
FNDA:1,(anonymous_5)
FNDA:1,(anonymous_6)
FNDA:1,(anonymous_7)
DA:1,1
DA:2,1
DA:5,1
DA:6,1
DA:7,1
DA:8,1
DA:9,1
DA:10,1
DA:12,1
DA:13,1
DA:14,1
DA:15,1
DA:19,1
DA:20,1
DA:21,1
DA:22,1
DA:23,1
DA:24,1
LF:18
LH:18
BRF:0
BRH:0
end_of_record
TN:
SF:/home/mazze/Schreibtisch/alexa-skill-fuelking-swt2/alexa-skill-fuelking/spec/fuelking-skill-spec.js
FN:38,(anonymous_1)
FN:39,(anonymous_2)
FN:41,(anonymous_3)
FN:49,(anonymous_4)
FN:50,(anonymous_5)
FN:54,(anonymous_6)
FN:61,(anonymous_7)
FN:65,(anonymous_8)
FNF:8
FNH:8
FNDA:1,(anonymous_1)
FNDA:1,(anonymous_2)
FNDA:1,(anonymous_3)
FNDA:1,(anonymous_4)
FNDA:1,(anonymous_5)
FNDA:1,(anonymous_6)
FNDA:1,(anonymous_7)
FNDA:1,(anonymous_8)
DA:1,1
DA:3,1
DA:38,1
DA:39,1
DA:41,1
DA:44,1
DA:49,1
DA:50,1
DA:51,1
DA:54,1
DA:55,1
DA:56,1
DA:57,1
DA:58,1
DA:61,1
DA:62,1
DA:65,1
DA:66,1
DA:67,1
DA:68,1
DA:69,1
LF:21
LH:21
BRF:0
BRH:0
end_of_record
TN:
SF:/home/mazze/Schreibtisch/alexa-skill-fuelking-swt2/alexa-skill-fuelking/js/fuelking-alexa-skill/fuelking-skill.js
FN:5,(anonymous_1)
FN:21,(anonymous_2)
FNF:2
FNH:2
FNDA:3,(anonymous_1)
FNDA:1,(anonymous_2)
DA:1,1
DA:2,1
DA:5,1
DA:6,3
DA:7,3
DA:9,3
DA:12,1
DA:13,1
DA:14,1
DA:21,1
DA:22,1
DA:23,1
DA:25,1
DA:28,1
DA:29,1
LF:15
LH:15
BRDA:9,1,0,1
BRDA:9,1,1,1
BRDA:9,1,2,1
BRF:3
BRH:3
end_of_record
TN:
SF:/home/mazze/Schreibtisch/alexa-skill-fuelking-swt2/alexa-skill-fuelking/server.js
FN:26,requestVerifier
FN:31,verificationCallback
FN:45,getRawBody
FN:55,(anonymous_4)
FN:56,sendResponseToAmazon
FN:63,(anonymous_6)
FNF:6
FNH:0
FNDA:0,requestVerifier
FNDA:0,verificationCallback
FNDA:0,getRawBody
FNDA:0,(anonymous_4)
FNDA:0,sendResponseToAmazon
FNDA:0,(anonymous_6)
DA:2,0
DA:3,0
DA:4,0
DA:5,0
DA:7,0
DA:26,0
DA:27,0
DA:32,0
DA:33,0
DA:35,0
DA:44,0
DA:47,0
DA:55,0
DA:56,0
DA:57,0
DA:63,0
LF:16
LH:0
BRDA:32,1,0,0
BRDA:32,1,1,0
BRDA:63,2,0,0
BRDA:63,2,1,0
BRF:4
BRH:0
end_of_record
